<?xml version="1.0" encoding="UTF-8"?>
<!-- Generated by org.testng.reporters.JUnitReportReporter -->
<testsuite skipped="0" hostname="DESKTOP-RM31FLA" name="testclasses.TestNG_DependentTests" tests="4" failures="0" timestamp="10 jan. 2019 09:31:51 GMT" time="0.012" errors="0">
  <testcase name="testMethod4" time="0.002" classname="testclasses.TestNG_DependentTests"/>
  <testcase name="testMethod3" time="0.002" classname="testclasses.TestNG_DependentTests"/>
  <testcase name="testMethod2" time="0.007" classname="testclasses.TestNG_DependentTests"/>
  <testcase name="testMethod1" time="0.001" classname="testclasses.TestNG_DependentTests"/>
</testsuite> <!-- testclasses.TestNG_DependentTests -->
