<?xml version="1.0" encoding="UTF-8"?>
<!-- Generated by org.testng.reporters.JUnitReportReporter -->
<testsuite skipped="0" hostname="DESKTOP-TAHIGOL" name="extentreports.SeleniumLoginTest" tests="1" failures="0" timestamp="14 jan. 2019 14:11:27 GMT" time="8.609" errors="0">
  <testcase name="test1_validLoginTest" time="8.609" classname="extentreports.SeleniumLoginTest"/>
</testsuite> <!-- extentreports.SeleniumLoginTest -->
