<?xml version="1.0" encoding="UTF-8"?>
<!-- Generated by org.testng.reporters.JUnitReportReporter -->
<testsuite skipped="0" hostname="DESKTOP-TAHIGOL" name="testclasses.TestNG_DataProviders" tests="3" failures="0" timestamp="14 jan. 2019 07:48:37 GMT" time="0.011" errors="0">
  <testcase name="testMethod1" time="0.002" classname="testclasses.TestNG_DataProviders"/>
  <testcase name="testMethod1" time="0.002" classname="testclasses.TestNG_DataProviders"/>
  <testcase name="testMethod1" time="0.007" classname="testclasses.TestNG_DataProviders"/>
</testsuite> <!-- testclasses.TestNG_DataProviders -->
