<?xml version="1.0" encoding="UTF-8"?>
<!-- Generated by org.testng.reporters.JUnitReportReporter -->
<testsuite skipped="0" hostname="DESKTOP-RM31FLA" name="testclasses.TestNG_Preserve1" tests="2" failures="0" timestamp="10 jan. 2019 09:41:54 GMT" time="0.003" errors="0">
  <testcase name="testMethod1" time="0.001" classname="testclasses.TestNG_Preserve1"/>
  <testcase name="testMethod2" time="0.002" classname="testclasses.TestNG_Preserve1"/>
</testsuite> <!-- testclasses.TestNG_Preserve1 -->
