<?xml version="1.0" encoding="UTF-8"?>
<!-- Generated by org.testng.reporters.JUnitReportReporter -->
<testsuite skipped="0" hostname="DESKTOP-TAHIGOL" name="testclasses.TestNG_Parallel2" tests="2" failures="0" timestamp="14 jan. 2019 13:00:28 GMT" time="12.004" errors="0">
  <testcase name="testMethod2" time="6.002" classname="testclasses.TestNG_Parallel2"/>
  <testcase name="testMethod1" time="6.002" classname="testclasses.TestNG_Parallel2"/>
</testsuite> <!-- testclasses.TestNG_Parallel2 -->
