<?xml version="1.0" encoding="UTF-8"?>
<!-- Generated by org.testng.reporters.JUnitReportReporter -->
<testsuite skipped="0" hostname="DESKTOP-RM31FLA" name="testpackage.TestAnnotacion" tests="1" failures="0" timestamp="09 jan. 2019 19:12:46 GMT" time="0.008" errors="0">
  <testcase name="testMethod1" time="0.008" classname="testpackage.TestAnnotacion"/>
</testsuite> <!-- testpackage.TestAnnotacion -->
