<?xml version="1.0" encoding="UTF-8"?>
<!-- Generated by org.testng.reporters.JUnitReportReporter -->
<testsuite skipped="0" hostname="DESKTOP-RM31FLA" name="testclasses.TestNG_Grouping" tests="2" failures="0" timestamp="10 jan. 2019 09:19:57 GMT" time="0.007" errors="0">
  <testcase name="testBMWX6" time="0.002" classname="testclasses.TestNG_Grouping"/>
  <testcase name="testAudiA6" time="0.005" classname="testclasses.TestNG_Grouping"/>
</testsuite> <!-- testclasses.TestNG_Grouping -->
