<?xml version="1.0" encoding="UTF-8"?>
<!-- Generated by org.testng.reporters.JUnitReportReporter -->
<testsuite skipped="0" hostname="DESKTOP-TAHIGOL" name="testclasses.TestNG_SeleniumParametersParallelExample" tests="1" failures="0" timestamp="14 jan. 2019 14:00:17 GMT" time="7.060" errors="0">
  <testcase name="testLogin" time="7.060" classname="testclasses.TestNG_SeleniumParametersParallelExample"/>
</testsuite> <!-- testclasses.TestNG_SeleniumParametersParallelExample -->
