<?xml version="1.0" encoding="UTF-8"?>
<!-- Generated by org.testng.reporters.JUnitReportReporter -->
<testsuite skipped="0" hostname="DESKTOP-RM31FLA" name="testclasses.TestNG_Prioritiy" tests="3" failures="0" timestamp="10 jan. 2019 09:11:14 GMT" time="0.009" errors="0">
  <testcase name="testMethod3" time="0.006" classname="testclasses.TestNG_Prioritiy"/>
  <testcase name="testMethod2" time="0.002" classname="testclasses.TestNG_Prioritiy"/>
  <testcase name="testMethod1" time="0.001" classname="testclasses.TestNG_Prioritiy"/>
</testsuite> <!-- testclasses.TestNG_Prioritiy -->
